#
# There is insufficient memory for the Java Runtime Environment to continue.
# Native memory allocation (mmap) failed to map 67108864 bytes for Failed to commit area from 0x00000000c0000000 to 0x00000000c4000000 of length 67108864.
# Possible reasons:
#   The system is out of physical RAM or swap space
#   The process is running with CompressedOops enabled, and the Java Heap may be blocking the growth of the native heap
# Possible solutions:
#   Reduce memory load on the system
#   Increase physical memory or swap space
#   Check if swap backing store is full
#   Decrease Java heap size (-Xmx/-Xms)
#   Decrease number of Java threads
#   Decrease Java thread stack sizes (-Xss)
#   Set larger code cache with -XX:ReservedCodeCacheSize=
# This output file may be truncated or incomplete.
#
#  Out of Memory Error (./src/hotspot/os/windows/os_windows.cpp:3380), pid=1916, tid=6980
#
# JRE version:  (11.0.12+7) (build )
# Java VM: OpenJDK 64-Bit Server VM (11.0.12+7, mixed mode, sharing, tiered, compressed oops, g1 gc, windows-amd64)
# No core dump will be written. Minidumps are not enabled by default on client versions of Windows
#

---------------  S U M M A R Y ------------

Command Line: 

Host: Intel(R) Core(TM) i5-7500 CPU @ 3.40GHz, 2 cores, 3G,  Windows 10 , 64 bit Build 19041 (10.0.19041.1889)
Time: Sun Sep 18 20:40:11 2022 Russia TZ 2 Standard Time elapsed time: 0.034552 seconds (0d 0h 0m 0s)

---------------  T H R E A D  ---------------

Current thread (0x0000017e87329800):  JavaThread "Unknown thread" [_thread_in_vm, id=6980, stack(0x0000004574f00000,0x0000004575000000)]

Stack: [0x0000004574f00000,0x0000004575000000]
Native frames: (J=compiled Java code, j=interpreted, Vv=VM code, C=native code)
V  [jvm.dll+0x6090fa]
V  [jvm.dll+0x79229e]
V  [jvm.dll+0x79396f]
V  [jvm.dll+0x794033]
V  [jvm.dll+0x24bed8]
V  [jvm.dll+0x60624a]
V  [jvm.dll+0x5facf5]
V  [jvm.dll+0x303b5c]
V  [jvm.dll+0x3039e2]
V  [jvm.dll+0x308706]
V  [jvm.dll+0x34d5cf]
V  [jvm.dll+0x34d000]
V  [jvm.dll+0x2e0c68]
V  [jvm.dll+0x2e1dc6]
V  [jvm.dll+0x76d627]
V  [jvm.dll+0x76edaf]
V  [jvm.dll+0x35a359]
V  [jvm.dll+0x750710]
V  [jvm.dll+0x3c1f8f]
V  [jvm.dll+0x3c4461]
C  [jli.dll+0x5207]
C  [ucrtbase.dll+0x21bb2]
C  [KERNEL32.DLL+0x17034]
C  [ntdll.dll+0x52651]


---------------  P R O C E S S  ---------------

Threads class SMR info:
_java_thread_list=0x0000017e85a4f920, length=0, elements={
}

Java Threads: ( => current thread )

Other Threads:
  0x0000017e87340800 GCTaskThread "GC Thread#0" [stack: 0x0000004575000000,0x0000004575100000] [id=11132]
  0x0000017e8735b000 ConcurrentGCThread "G1 Main Marker" [stack: 0x0000004575100000,0x0000004575200000] [id=4968]
  0x0000017e8735f000 ConcurrentGCThread "G1 Conc#0" [stack: 0x0000004575200000,0x0000004575300000] [id=7944]

[error occurred during error reporting (printing all threads), id 0xc0000005, EXCEPTION_ACCESS_VIOLATION (0xc0000005) at pc=0x00007ffa26000337]

VM state:not at safepoint (not fully initialized)

VM Mutex/Monitor currently owned by a thread:  ([mutex/lock_event])
[0x0000017e87324d60] Heap_lock - owner thread: 0x0000017e87329800

Heap address: 0x00000000c0000000, size: 1024 MB, Compressed Oops mode: Non-zero based: 0x00000000c0000000
Narrow klass base: 0x0000000000000000, Narrow klass shift: 0

GC Heap History (0 events):
No events

Deoptimization events (0 events):
No events

Classes redefined (0 events):
No events

Internal exceptions (0 events):
No events

Events (1 events):
Event: 0.010 Loaded shared library C:\Program Files\Microsoft\jdk-11.0.12.7-hotspot\bin\zip.dll


Dynamic libraries:
0x00007ff67ccc0000 - 0x00007ff67cccd000 	C:\Program Files\Microsoft\jdk-11.0.12.7-hotspot\bin\java.exe
0x00007ffaa66d0000 - 0x00007ffaa68c8000 	C:\Windows\SYSTEM32\ntdll.dll
0x00007ffaa4850000 - 0x00007ffaa490d000 	C:\Windows\System32\KERNEL32.DLL
0x00007ffaa4030000 - 0x00007ffaa42fe000 	C:\Windows\System32\KERNELBASE.dll
0x00007ffaa3ec0000 - 0x00007ffaa3fc0000 	C:\Windows\System32\ucrtbase.dll
0x00007ffa93400000 - 0x00007ffa93415000 	C:\Program Files\Microsoft\jdk-11.0.12.7-hotspot\bin\VCRUNTIME140.dll
0x00007ffa933e0000 - 0x00007ffa933f7000 	C:\Program Files\Microsoft\jdk-11.0.12.7-hotspot\bin\jli.dll
0x00007ffaa5f10000 - 0x00007ffaa60b0000 	C:\Windows\System32\USER32.dll
0x00007ffaa3df0000 - 0x00007ffaa3e12000 	C:\Windows\System32\win32u.dll
0x00007ffa8f5f0000 - 0x00007ffa8f88a000 	C:\Windows\WinSxS\amd64_microsoft.windows.common-controls_6595b64144ccf1df_6.0.19041.1110_none_60b5254171f9507e\COMCTL32.dll
0x00007ffaa4a20000 - 0x00007ffaa4a4a000 	C:\Windows\System32\GDI32.dll
0x00007ffaa57e0000 - 0x00007ffaa587e000 	C:\Windows\System32\msvcrt.dll
0x00007ffaa4620000 - 0x00007ffaa472b000 	C:\Windows\System32\gdi32full.dll
0x00007ffaa3e20000 - 0x00007ffaa3ebd000 	C:\Windows\System32\msvcp_win.dll
0x00007ffaa4910000 - 0x00007ffaa4940000 	C:\Windows\System32\IMM32.DLL
0x00007ffa26d40000 - 0x00007ffa26ddb000 	C:\Program Files\Microsoft\jdk-11.0.12.7-hotspot\bin\msvcp140.dll
0x00007ffa25d10000 - 0x00007ffa26871000 	C:\Program Files\Microsoft\jdk-11.0.12.7-hotspot\bin\server\jvm.dll
0x00007ffaa4730000 - 0x00007ffaa47de000 	C:\Windows\System32\ADVAPI32.dll
0x00007ffaa6510000 - 0x00007ffaa65ac000 	C:\Windows\System32\sechost.dll
0x00007ffaa5d80000 - 0x00007ffaa5ea5000 	C:\Windows\System32\RPCRT4.dll
0x00007ffaa4840000 - 0x00007ffaa4848000 	C:\Windows\System32\PSAPI.DLL
0x00007ffa9cac0000 - 0x00007ffa9cac9000 	C:\Windows\SYSTEM32\WSOCK32.dll
0x00007ffa8b0f0000 - 0x00007ffa8b117000 	C:\Windows\SYSTEM32\WINMM.dll
0x00007ffaa6360000 - 0x00007ffaa63cb000 	C:\Windows\System32\WS2_32.dll
0x00007ffa9d970000 - 0x00007ffa9d97a000 	C:\Windows\SYSTEM32\VERSION.dll
0x00007ffaa1d10000 - 0x00007ffaa1d22000 	C:\Windows\SYSTEM32\kernel.appcore.dll
0x00007ffa93430000 - 0x00007ffa93440000 	C:\Program Files\Microsoft\jdk-11.0.12.7-hotspot\bin\verify.dll
0x00007ffa9cf10000 - 0x00007ffa9d0f4000 	C:\Windows\SYSTEM32\DBGHELP.DLL
0x00007ffa9cde0000 - 0x00007ffa9ce0c000 	C:\Windows\SYSTEM32\dbgcore.DLL
0x00007ffaa4300000 - 0x00007ffaa4382000 	C:\Windows\System32\bcryptPrimitives.dll
0x00007ffa4ae40000 - 0x00007ffa4ae68000 	C:\Program Files\Microsoft\jdk-11.0.12.7-hotspot\bin\java.dll
0x00007ffa87fc0000 - 0x00007ffa87fca000 	C:\Program Files\Microsoft\jdk-11.0.12.7-hotspot\bin\jimage.dll
0x00007ffa47180000 - 0x00007ffa47197000 	C:\Program Files\Microsoft\jdk-11.0.12.7-hotspot\bin\zip.dll

dbghelp: loaded successfully - version: 4.0.5 - missing functions: none
symbol engine: initialized successfully - sym options: 0x614 - pdb path: .;C:\Program Files\Microsoft\jdk-11.0.12.7-hotspot\bin;C:\Windows\SYSTEM32;C:\Windows\WinSxS\amd64_microsoft.windows.common-controls_6595b64144ccf1df_6.0.19041.1110_none_60b5254171f9507e;C:\Program Files\Microsoft\jdk-11.0.12.7-hotspot\bin\server

VM Arguments:
java_command: <unknown>
java_class_path (initial): <not set>
Launcher Type: SUN_STANDARD

[Global flags]
     intx CICompilerCount                          = 2                                         {product} {ergonomic}
     uint ConcGCThreads                            = 1                                         {product} {ergonomic}
     uint G1ConcRefinementThreads                  = 2                                         {product} {ergonomic}
   size_t G1HeapRegionSize                         = 1048576                                   {product} {ergonomic}
    uintx GCDrainStackTargetSize                   = 64                                        {product} {ergonomic}
   size_t InitialHeapSize                          = 67108864                                  {product} {ergonomic}
   size_t MarkStackSize                            = 4194304                                   {product} {ergonomic}
   size_t MaxHeapSize                              = 1073741824                                {product} {ergonomic}
   size_t MinHeapDeltaBytes                        = 1048576                                   {product} {ergonomic}
    uintx NonNMethodCodeHeapSize                   = 5825164                                {pd product} {ergonomic}
    uintx NonProfiledCodeHeapSize                  = 122916538                              {pd product} {ergonomic}
    uintx ProfiledCodeHeapSize                     = 122916538                              {pd product} {ergonomic}
    uintx ReservedCodeCacheSize                    = 251658240                              {pd product} {ergonomic}
     bool SegmentedCodeCache                       = true                                      {product} {ergonomic}
     bool UseCompressedClassPointers               = true                                 {lp64_product} {ergonomic}
     bool UseCompressedOops                        = true                                 {lp64_product} {ergonomic}
     bool UseG1GC                                  = true                                      {product} {ergonomic}
     bool UseLargePagesIndividualAllocation        = false                                  {pd product} {ergonomic}

Logging:
Log output configuration:
 #0: stdout all=warning uptime,level,tags
 #1: stderr all=off uptime,level,tags

Environment Variables:
PATH=C:\Program Files\Microsoft\jdk-11.0.12.7-hotspot\bin;C:\Windows\system32;C:\Windows;C:\Windows\System32\Wbem;C:\Windows\System32\WindowsPowerShell\v1.0\;C:\Windows\System32\OpenSSH\;C:\Program Files\Microsoft SQL Server\150\Tools\Binn\;C:\Program Files\Microsoft SQL Server\Client SDK\ODBC\170\Tools\Binn\;C:\Program Files\dotnet\;C:\Users\dev\AppData\Local\Microsoft\WindowsApps;C:\Users\dev\.dotnet\tools
USERNAME=dev
OS=Windows_NT
PROCESSOR_IDENTIFIER=Intel64 Family 6 Model 158 Stepping 9, GenuineIntel



---------------  S Y S T E M  ---------------

OS: Windows 10 , 64 bit Build 19041 (10.0.19041.1889)
OS uptime: 0 days 1:46 hours

CPU:total 2 (initial active 2) (2 cores per cpu, 1 threads per core) family 6 model 158 stepping 9 microcode 0x0, cmov, cx8, fxsr, mmx, sse, sse2, sse3, ssse3, sse4.1, sse4.2, popcnt, avx, avx2, aes, clmul, 3dnowpref, lzcnt, tsc, tscinvbit

Memory: 4k page, system-wide physical 4095M (788M free)
TotalPageFile size 7964M (AvailPageFile size 57M)
current process WorkingSet (physical memory assigned to process): 9M, peak: 9M
current process commit charge ("private bytes"): 47M, peak: 111M

vm_info: OpenJDK 64-Bit Server VM (11.0.12+7) for windows-amd64 JRE (11.0.12+7), built on Jul 21 2021 15:41:43 by "" with unknown MS VC++:1916

END.
